[2025-04-29T08:12:48.953+0000] {local_task_job_runner.py:123} INFO - ::group::Pre task execution logs
[2025-04-29T08:12:48.961+0000] {taskinstance.py:2614} INFO - Dependencies all met for dep_context=non-requeueable deps ti=<TaskInstance: all_classification_pipeline.prepare_data scheduled__2025-04-28T00:00:00+00:00 [queued]>
[2025-04-29T08:12:48.965+0000] {taskinstance.py:2614} INFO - Dependencies all met for dep_context=requeueable deps ti=<TaskInstance: all_classification_pipeline.prepare_data scheduled__2025-04-28T00:00:00+00:00 [queued]>
[2025-04-29T08:12:48.965+0000] {taskinstance.py:2867} INFO - Starting attempt 1 of 2
[2025-04-29T08:12:48.975+0000] {taskinstance.py:2890} INFO - Executing <Task(PythonOperator): prepare_data> on 2025-04-28 00:00:00+00:00
[2025-04-29T08:12:48.980+0000] {standard_task_runner.py:72} INFO - Started process 426 to run task
[2025-04-29T08:12:48.986+0000] {standard_task_runner.py:104} INFO - Running: ['airflow', 'tasks', 'run', 'all_classification_pipeline', 'prepare_data', 'scheduled__2025-04-28T00:00:00+00:00', '--job-id', '36', '--raw', '--subdir', 'DAGS_FOLDER/classification_pipeline.py', '--cfg-path', '/tmp/tmpkzbui7vr']
[2025-04-29T08:12:48.988+0000] {standard_task_runner.py:105} INFO - Job 36: Subtask prepare_data
[2025-04-29T08:12:49.017+0000] {task_command.py:467} INFO - Running <TaskInstance: all_classification_pipeline.prepare_data scheduled__2025-04-28T00:00:00+00:00 [running]> on host 7ae1210dc4f8
[2025-04-29T08:12:49.053+0000] {taskinstance.py:3134} INFO - Exporting env vars: AIRFLOW_CTX_DAG_OWNER='airflow' AIRFLOW_CTX_DAG_ID='all_classification_pipeline' AIRFLOW_CTX_TASK_ID='prepare_data' AIRFLOW_CTX_EXECUTION_DATE='2025-04-28T00:00:00+00:00' AIRFLOW_CTX_TRY_NUMBER='1' AIRFLOW_CTX_DAG_RUN_ID='scheduled__2025-04-28T00:00:00+00:00'
[2025-04-29T08:12:49.054+0000] {taskinstance.py:732} INFO - ::endgroup::
[2025-04-29T08:12:49.078+0000] {logging_mixin.py:190} INFO - Wrote 2604 rows to /opt/data/processed_manifest/train.csv
[2025-04-29T08:12:49.079+0000] {logging_mixin.py:190} INFO - Wrote 326 rows to /opt/data/processed_manifest/val.csv
[2025-04-29T08:12:49.080+0000] {logging_mixin.py:190} INFO - Wrote 326 rows to /opt/data/processed_manifest/test.csv
[2025-04-29T08:12:49.081+0000] {python.py:240} INFO - Done. Returned value was: None
[2025-04-29T08:12:49.084+0000] {taskinstance.py:341} INFO - ::group::Post task execution logs
[2025-04-29T08:12:49.084+0000] {taskinstance.py:353} INFO - Marking task as SUCCESS. dag_id=all_classification_pipeline, task_id=prepare_data, run_id=scheduled__2025-04-28T00:00:00+00:00, execution_date=20250428T000000, start_date=20250429T081248, end_date=20250429T081249
[2025-04-29T08:12:49.123+0000] {local_task_job_runner.py:266} INFO - Task exited with return code 0
[2025-04-29T08:12:49.138+0000] {taskinstance.py:3901} INFO - 1 downstream tasks scheduled from follow-on schedule check
[2025-04-29T08:12:49.139+0000] {local_task_job_runner.py:245} INFO - ::endgroup::
