[2025-04-29T12:10:19.496+0000] {local_task_job_runner.py:123} INFO - ::group::Pre task execution logs
[2025-04-29T12:10:19.503+0000] {taskinstance.py:2614} INFO - Dependencies all met for dep_context=non-requeueable deps ti=<TaskInstance: all_classification_pipeline.register_model manual__2025-04-29T12:08:53.360659+00:00 [queued]>
[2025-04-29T12:10:19.508+0000] {taskinstance.py:2614} INFO - Dependencies all met for dep_context=requeueable deps ti=<TaskInstance: all_classification_pipeline.register_model manual__2025-04-29T12:08:53.360659+00:00 [queued]>
[2025-04-29T12:10:19.508+0000] {taskinstance.py:2867} INFO - Starting attempt 1 of 2
[2025-04-29T12:10:19.515+0000] {taskinstance.py:2890} INFO - Executing <Task(PythonOperator): register_model> on 2025-04-29 12:08:53.360659+00:00
[2025-04-29T12:10:19.520+0000] {standard_task_runner.py:72} INFO - Started process 541 to run task
[2025-04-29T12:10:19.522+0000] {standard_task_runner.py:104} INFO - Running: ['airflow', 'tasks', 'run', 'all_classification_pipeline', 'register_model', 'manual__2025-04-29T12:08:53.360659+00:00', '--job-id', '76', '--raw', '--subdir', 'DAGS_FOLDER/classification_pipeline.py', '--cfg-path', '/tmp/tmpndow4gk5']
[2025-04-29T12:10:19.524+0000] {standard_task_runner.py:105} INFO - Job 76: Subtask register_model
[2025-04-29T12:10:19.542+0000] {task_command.py:467} INFO - Running <TaskInstance: all_classification_pipeline.register_model manual__2025-04-29T12:08:53.360659+00:00 [running]> on host b4d54d1398d0
[2025-04-29T12:10:19.572+0000] {taskinstance.py:3134} INFO - Exporting env vars: AIRFLOW_CTX_DAG_OWNER='airflow' AIRFLOW_CTX_DAG_ID='all_classification_pipeline' AIRFLOW_CTX_TASK_ID='register_model' AIRFLOW_CTX_EXECUTION_DATE='2025-04-29T12:08:53.360659+00:00' AIRFLOW_CTX_TRY_NUMBER='1' AIRFLOW_CTX_DAG_RUN_ID='manual__2025-04-29T12:08:53.360659+00:00'
[2025-04-29T12:10:19.573+0000] {taskinstance.py:732} INFO - ::endgroup::
[2025-04-29T12:10:19.621+0000] {logging_mixin.py:190} WARNING - Successfully registered model 'ALL_Classifier'.
[2025-04-29T12:10:19.637+0000] {logging_mixin.py:190} WARNING - 2025/04/29 12:10:19 INFO mlflow.store.model_registry.abstract_store: Waiting up to 300 seconds for model version to finish creation. Model name: ALL_Classifier, version 1
[2025-04-29T12:10:19.638+0000] {logging_mixin.py:190} WARNING - Created version '1' of model 'ALL_Classifier'.
[2025-04-29T12:10:19.638+0000] {logging_mixin.py:190} INFO - ✅ Registered model 'ALL_Classifier' version 1
[2025-04-29T12:10:19.638+0000] {python.py:240} INFO - Done. Returned value was: None
[2025-04-29T12:10:19.641+0000] {taskinstance.py:341} INFO - ::group::Post task execution logs
[2025-04-29T12:10:19.641+0000] {taskinstance.py:353} INFO - Marking task as SUCCESS. dag_id=all_classification_pipeline, task_id=register_model, run_id=manual__2025-04-29T12:08:53.360659+00:00, execution_date=20250429T120853, start_date=20250429T121019, end_date=20250429T121019
[2025-04-29T12:10:19.659+0000] {local_task_job_runner.py:266} INFO - Task exited with return code 0
[2025-04-29T12:10:19.667+0000] {taskinstance.py:3901} INFO - 0 downstream tasks scheduled from follow-on schedule check
[2025-04-29T12:10:19.667+0000] {local_task_job_runner.py:245} INFO - ::endgroup::
